D:\VISUAL STUDIO 2012\PROJECT\C++\MACHINELEARNING\PROGRAM\DEBUG\PROGRAM.PCH
D:\VISUAL STUDIO 2012\PROJECT\C++\MACHINELEARNING\PROGRAM\DEBUG\STDAFX.OBJ
D:\VISUAL STUDIO 2012\PROJECT\C++\MACHINELEARNING\PROGRAM\DEBUG\VC110.PDB
D:\VISUAL STUDIO 2012\PROJECT\C++\MACHINELEARNING\PROGRAM\DEBUG\PROGRAM.OBJ
D:\VISUAL STUDIO 2012\PROJECT\C++\MACHINELEARNING\DEBUG\PROGRAM.ILK
D:\VISUAL STUDIO 2012\PROJECT\C++\MACHINELEARNING\DEBUG\PROGRAM.EXE
D:\VISUAL STUDIO 2012\PROJECT\C++\MACHINELEARNING\DEBUG\PROGRAM.PDB
D:\Visual Studio 2012\Project\C++\MachineLearning\Program\Debug\Program.obj
D:\Visual Studio 2012\Project\C++\MachineLearning\Program\Debug\stdafx.obj
D:\Visual Studio 2012\Project\C++\MachineLearning\Program\Debug\cl.command.1.tlog
D:\Visual Studio 2012\Project\C++\MachineLearning\Program\Debug\CL.read.1.tlog
D:\Visual Studio 2012\Project\C++\MachineLearning\Program\Debug\CL.write.1.tlog
D:\Visual Studio 2012\Project\C++\MachineLearning\Program\Debug\link-cvtres.read.1.tlog
D:\Visual Studio 2012\Project\C++\MachineLearning\Program\Debug\link-cvtres.write.1.tlog
D:\Visual Studio 2012\Project\C++\MachineLearning\Program\Debug\link-rc.read.1.tlog
D:\Visual Studio 2012\Project\C++\MachineLearning\Program\Debug\link-rc.write.1.tlog
D:\Visual Studio 2012\Project\C++\MachineLearning\Program\Debug\link.11000-cvtres.read.1.tlog
D:\Visual Studio 2012\Project\C++\MachineLearning\Program\Debug\link.11000-cvtres.write.1.tlog
D:\Visual Studio 2012\Project\C++\MachineLearning\Program\Debug\link.11000-rc.read.1.tlog
D:\Visual Studio 2012\Project\C++\MachineLearning\Program\Debug\link.11000-rc.write.1.tlog
D:\Visual Studio 2012\Project\C++\MachineLearning\Program\Debug\link.11000.read.1.tlog
D:\Visual Studio 2012\Project\C++\MachineLearning\Program\Debug\link.11000.write.1.tlog
D:\Visual Studio 2012\Project\C++\MachineLearning\Program\Debug\link.11088-cvtres.read.1.tlog
D:\Visual Studio 2012\Project\C++\MachineLearning\Program\Debug\link.11088-cvtres.write.1.tlog
D:\Visual Studio 2012\Project\C++\MachineLearning\Program\Debug\link.11088-rc.read.1.tlog
D:\Visual Studio 2012\Project\C++\MachineLearning\Program\Debug\link.11088-rc.write.1.tlog
D:\Visual Studio 2012\Project\C++\MachineLearning\Program\Debug\link.11088.read.1.tlog
D:\Visual Studio 2012\Project\C++\MachineLearning\Program\Debug\link.11088.write.1.tlog
D:\Visual Studio 2012\Project\C++\MachineLearning\Program\Debug\link.11096-cvtres.read.1.tlog
D:\Visual Studio 2012\Project\C++\MachineLearning\Program\Debug\link.11096-cvtres.write.1.tlog
D:\Visual Studio 2012\Project\C++\MachineLearning\Program\Debug\link.11096-rc.read.1.tlog
D:\Visual Studio 2012\Project\C++\MachineLearning\Program\Debug\link.11096-rc.write.1.tlog
D:\Visual Studio 2012\Project\C++\MachineLearning\Program\Debug\link.11096.read.1.tlog
D:\Visual Studio 2012\Project\C++\MachineLearning\Program\Debug\link.11096.write.1.tlog
D:\Visual Studio 2012\Project\C++\MachineLearning\Program\Debug\link.11280-cvtres.read.1.tlog
D:\Visual Studio 2012\Project\C++\MachineLearning\Program\Debug\link.11280-cvtres.write.1.tlog
D:\Visual Studio 2012\Project\C++\MachineLearning\Program\Debug\link.11280-rc.read.1.tlog
D:\Visual Studio 2012\Project\C++\MachineLearning\Program\Debug\link.11280-rc.write.1.tlog
D:\Visual Studio 2012\Project\C++\MachineLearning\Program\Debug\link.11280.read.1.tlog
D:\Visual Studio 2012\Project\C++\MachineLearning\Program\Debug\link.11280.write.1.tlog
D:\Visual Studio 2012\Project\C++\MachineLearning\Program\Debug\link.11756-cvtres.read.1.tlog
D:\Visual Studio 2012\Project\C++\MachineLearning\Program\Debug\link.11756-cvtres.write.1.tlog
D:\Visual Studio 2012\Project\C++\MachineLearning\Program\Debug\link.11756-rc.read.1.tlog
D:\Visual Studio 2012\Project\C++\MachineLearning\Program\Debug\link.11756-rc.write.1.tlog
D:\Visual Studio 2012\Project\C++\MachineLearning\Program\Debug\link.11756.read.1.tlog
D:\Visual Studio 2012\Project\C++\MachineLearning\Program\Debug\link.11756.write.1.tlog
D:\Visual Studio 2012\Project\C++\MachineLearning\Program\Debug\link.12096-cvtres.read.1.tlog
D:\Visual Studio 2012\Project\C++\MachineLearning\Program\Debug\link.12096-cvtres.write.1.tlog
D:\Visual Studio 2012\Project\C++\MachineLearning\Program\Debug\link.12096-rc.read.1.tlog
D:\Visual Studio 2012\Project\C++\MachineLearning\Program\Debug\link.12096-rc.write.1.tlog
D:\Visual Studio 2012\Project\C++\MachineLearning\Program\Debug\link.12096.read.1.tlog
D:\Visual Studio 2012\Project\C++\MachineLearning\Program\Debug\link.12096.write.1.tlog
D:\Visual Studio 2012\Project\C++\MachineLearning\Program\Debug\link.12192-cvtres.read.1.tlog
D:\Visual Studio 2012\Project\C++\MachineLearning\Program\Debug\link.12192-cvtres.write.1.tlog
D:\Visual Studio 2012\Project\C++\MachineLearning\Program\Debug\link.12192-rc.read.1.tlog
D:\Visual Studio 2012\Project\C++\MachineLearning\Program\Debug\link.12192-rc.write.1.tlog
D:\Visual Studio 2012\Project\C++\MachineLearning\Program\Debug\link.12192.read.1.tlog
D:\Visual Studio 2012\Project\C++\MachineLearning\Program\Debug\link.12192.write.1.tlog
D:\Visual Studio 2012\Project\C++\MachineLearning\Program\Debug\link.12772-cvtres.read.1.tlog
D:\Visual Studio 2012\Project\C++\MachineLearning\Program\Debug\link.12772-cvtres.write.1.tlog
D:\Visual Studio 2012\Project\C++\MachineLearning\Program\Debug\link.12772-rc.read.1.tlog
D:\Visual Studio 2012\Project\C++\MachineLearning\Program\Debug\link.12772-rc.write.1.tlog
D:\Visual Studio 2012\Project\C++\MachineLearning\Program\Debug\link.12772.read.1.tlog
D:\Visual Studio 2012\Project\C++\MachineLearning\Program\Debug\link.12772.write.1.tlog
D:\Visual Studio 2012\Project\C++\MachineLearning\Program\Debug\link.13240-cvtres.read.1.tlog
D:\Visual Studio 2012\Project\C++\MachineLearning\Program\Debug\link.13240-cvtres.write.1.tlog
D:\Visual Studio 2012\Project\C++\MachineLearning\Program\Debug\link.13240-rc.read.1.tlog
D:\Visual Studio 2012\Project\C++\MachineLearning\Program\Debug\link.13240-rc.write.1.tlog
D:\Visual Studio 2012\Project\C++\MachineLearning\Program\Debug\link.13240.read.1.tlog
D:\Visual Studio 2012\Project\C++\MachineLearning\Program\Debug\link.13240.write.1.tlog
D:\Visual Studio 2012\Project\C++\MachineLearning\Program\Debug\link.14864-cvtres.read.1.tlog
D:\Visual Studio 2012\Project\C++\MachineLearning\Program\Debug\link.14864-cvtres.write.1.tlog
D:\Visual Studio 2012\Project\C++\MachineLearning\Program\Debug\link.14864-rc.read.1.tlog
D:\Visual Studio 2012\Project\C++\MachineLearning\Program\Debug\link.14864-rc.write.1.tlog
D:\Visual Studio 2012\Project\C++\MachineLearning\Program\Debug\link.14864.read.1.tlog
D:\Visual Studio 2012\Project\C++\MachineLearning\Program\Debug\link.14864.write.1.tlog
D:\Visual Studio 2012\Project\C++\MachineLearning\Program\Debug\link.14892-cvtres.read.1.tlog
D:\Visual Studio 2012\Project\C++\MachineLearning\Program\Debug\link.14892-cvtres.write.1.tlog
D:\Visual Studio 2012\Project\C++\MachineLearning\Program\Debug\link.14892-rc.read.1.tlog
D:\Visual Studio 2012\Project\C++\MachineLearning\Program\Debug\link.14892-rc.write.1.tlog
D:\Visual Studio 2012\Project\C++\MachineLearning\Program\Debug\link.14892.read.1.tlog
D:\Visual Studio 2012\Project\C++\MachineLearning\Program\Debug\link.14892.write.1.tlog
D:\Visual Studio 2012\Project\C++\MachineLearning\Program\Debug\link.15132-cvtres.read.1.tlog
D:\Visual Studio 2012\Project\C++\MachineLearning\Program\Debug\link.15132-cvtres.write.1.tlog
D:\Visual Studio 2012\Project\C++\MachineLearning\Program\Debug\link.15132-rc.read.1.tlog
D:\Visual Studio 2012\Project\C++\MachineLearning\Program\Debug\link.15132-rc.write.1.tlog
D:\Visual Studio 2012\Project\C++\MachineLearning\Program\Debug\link.15132.read.1.tlog
D:\Visual Studio 2012\Project\C++\MachineLearning\Program\Debug\link.15132.write.1.tlog
D:\Visual Studio 2012\Project\C++\MachineLearning\Program\Debug\link.1736-cvtres.read.1.tlog
D:\Visual Studio 2012\Project\C++\MachineLearning\Program\Debug\link.1736-cvtres.write.1.tlog
D:\Visual Studio 2012\Project\C++\MachineLearning\Program\Debug\link.1736-rc.read.1.tlog
D:\Visual Studio 2012\Project\C++\MachineLearning\Program\Debug\link.1736-rc.write.1.tlog
D:\Visual Studio 2012\Project\C++\MachineLearning\Program\Debug\link.1736.read.1.tlog
D:\Visual Studio 2012\Project\C++\MachineLearning\Program\Debug\link.1736.write.1.tlog
D:\Visual Studio 2012\Project\C++\MachineLearning\Program\Debug\link.1944-cvtres.read.1.tlog
D:\Visual Studio 2012\Project\C++\MachineLearning\Program\Debug\link.1944-cvtres.write.1.tlog
D:\Visual Studio 2012\Project\C++\MachineLearning\Program\Debug\link.1944-rc.read.1.tlog
D:\Visual Studio 2012\Project\C++\MachineLearning\Program\Debug\link.1944-rc.write.1.tlog
D:\Visual Studio 2012\Project\C++\MachineLearning\Program\Debug\link.1944.read.1.tlog
D:\Visual Studio 2012\Project\C++\MachineLearning\Program\Debug\link.1944.write.1.tlog
D:\Visual Studio 2012\Project\C++\MachineLearning\Program\Debug\link.2704-cvtres.read.1.tlog
D:\Visual Studio 2012\Project\C++\MachineLearning\Program\Debug\link.2704-cvtres.write.1.tlog
D:\Visual Studio 2012\Project\C++\MachineLearning\Program\Debug\link.2704-rc.read.1.tlog
D:\Visual Studio 2012\Project\C++\MachineLearning\Program\Debug\link.2704-rc.write.1.tlog
D:\Visual Studio 2012\Project\C++\MachineLearning\Program\Debug\link.2704.read.1.tlog
D:\Visual Studio 2012\Project\C++\MachineLearning\Program\Debug\link.2704.write.1.tlog
D:\Visual Studio 2012\Project\C++\MachineLearning\Program\Debug\link.3884-cvtres.read.1.tlog
D:\Visual Studio 2012\Project\C++\MachineLearning\Program\Debug\link.3884-cvtres.write.1.tlog
D:\Visual Studio 2012\Project\C++\MachineLearning\Program\Debug\link.3884-rc.read.1.tlog
D:\Visual Studio 2012\Project\C++\MachineLearning\Program\Debug\link.3884-rc.write.1.tlog
D:\Visual Studio 2012\Project\C++\MachineLearning\Program\Debug\link.3884.read.1.tlog
D:\Visual Studio 2012\Project\C++\MachineLearning\Program\Debug\link.3884.write.1.tlog
D:\Visual Studio 2012\Project\C++\MachineLearning\Program\Debug\link.4972-cvtres.read.1.tlog
D:\Visual Studio 2012\Project\C++\MachineLearning\Program\Debug\link.4972-cvtres.write.1.tlog
D:\Visual Studio 2012\Project\C++\MachineLearning\Program\Debug\link.4972-rc.read.1.tlog
D:\Visual Studio 2012\Project\C++\MachineLearning\Program\Debug\link.4972-rc.write.1.tlog
D:\Visual Studio 2012\Project\C++\MachineLearning\Program\Debug\link.4972.read.1.tlog
D:\Visual Studio 2012\Project\C++\MachineLearning\Program\Debug\link.4972.write.1.tlog
D:\Visual Studio 2012\Project\C++\MachineLearning\Program\Debug\link.7596-cvtres.read.1.tlog
D:\Visual Studio 2012\Project\C++\MachineLearning\Program\Debug\link.7596-cvtres.write.1.tlog
D:\Visual Studio 2012\Project\C++\MachineLearning\Program\Debug\link.7596-rc.read.1.tlog
D:\Visual Studio 2012\Project\C++\MachineLearning\Program\Debug\link.7596-rc.write.1.tlog
D:\Visual Studio 2012\Project\C++\MachineLearning\Program\Debug\link.7596.read.1.tlog
D:\Visual Studio 2012\Project\C++\MachineLearning\Program\Debug\link.7596.write.1.tlog
D:\Visual Studio 2012\Project\C++\MachineLearning\Program\Debug\link.8356-cvtres.read.1.tlog
D:\Visual Studio 2012\Project\C++\MachineLearning\Program\Debug\link.8356-cvtres.write.1.tlog
D:\Visual Studio 2012\Project\C++\MachineLearning\Program\Debug\link.8356-rc.read.1.tlog
D:\Visual Studio 2012\Project\C++\MachineLearning\Program\Debug\link.8356-rc.write.1.tlog
D:\Visual Studio 2012\Project\C++\MachineLearning\Program\Debug\link.8356.read.1.tlog
D:\Visual Studio 2012\Project\C++\MachineLearning\Program\Debug\link.8356.write.1.tlog
D:\Visual Studio 2012\Project\C++\MachineLearning\Program\Debug\link.8592-cvtres.read.1.tlog
D:\Visual Studio 2012\Project\C++\MachineLearning\Program\Debug\link.8592-cvtres.write.1.tlog
D:\Visual Studio 2012\Project\C++\MachineLearning\Program\Debug\link.8592-rc.read.1.tlog
D:\Visual Studio 2012\Project\C++\MachineLearning\Program\Debug\link.8592-rc.write.1.tlog
D:\Visual Studio 2012\Project\C++\MachineLearning\Program\Debug\link.8592.read.1.tlog
D:\Visual Studio 2012\Project\C++\MachineLearning\Program\Debug\link.8592.write.1.tlog
D:\Visual Studio 2012\Project\C++\MachineLearning\Program\Debug\link.9876-cvtres.read.1.tlog
D:\Visual Studio 2012\Project\C++\MachineLearning\Program\Debug\link.9876-cvtres.write.1.tlog
D:\Visual Studio 2012\Project\C++\MachineLearning\Program\Debug\link.9876-rc.read.1.tlog
D:\Visual Studio 2012\Project\C++\MachineLearning\Program\Debug\link.9876-rc.write.1.tlog
D:\Visual Studio 2012\Project\C++\MachineLearning\Program\Debug\link.9876.read.1.tlog
D:\Visual Studio 2012\Project\C++\MachineLearning\Program\Debug\link.9876.write.1.tlog
D:\Visual Studio 2012\Project\C++\MachineLearning\Program\Debug\link.command.1.tlog
D:\Visual Studio 2012\Project\C++\MachineLearning\Program\Debug\link.read.1.tlog
D:\Visual Studio 2012\Project\C++\MachineLearning\Program\Debug\link.write.1.tlog
D:\Visual Studio 2012\Project\C++\MachineLearning\Program\Debug\Program.pch
D:\Visual Studio 2012\Project\C++\MachineLearning\Program\Debug\vc110.idb
D:\Visual Studio 2012\Project\C++\MachineLearning\Program\Debug\vc110.pdb
D:\Visual Studio 2012\Project\C++\MachineLearning\Debug\Program.pdb
D:\Visual Studio 2012\Project\C++\MachineLearning\Debug\Program.exe
D:\Visual Studio 2012\Project\C++\MachineLearning\Debug\Program.ilk
