D:\PROJECT\C++\NEW\MACHINELEARNING\DEEPLEARNING\DEBUG-MDD\REGULARIZER.OBJ
D:\PROJECT\C++\NEW\MACHINELEARNING\DEEPLEARNING\DEBUG-MDD\DROPOUT.OBJ
D:\PROJECT\C++\NEW\MACHINELEARNING\DEEPLEARNING\DEBUG-MDD\OPTIMIZER.OBJ
D:\PROJECT\C++\NEW\MACHINELEARNING\DEEPLEARNING\DEBUG-MDD\NETWORKLAYER.OBJ
D:\PROJECT\C++\NEW\MACHINELEARNING\DEEPLEARNING\DEBUG-MDD\INITIALIZER.OBJ
D:\PROJECT\C++\NEW\MACHINELEARNING\DEEPLEARNING\DEBUG-MDD\BATCHNORMALIZATION.OBJ
D:\PROJECT\C++\NEW\MACHINELEARNING\DEEPLEARNING\DEBUG-MDD\ACTIVATIONFUNCTION.OBJ
D:\PROJECT\C++\NEW\MACHINELEARNING\DEEPLEARNING\DEBUG-MDD\DEEPLEARNING.PCH
D:\PROJECT\C++\NEW\MACHINELEARNING\DEEPLEARNING\DEBUG-MDD\STDAFX.OBJ
D:\Project\C++\New\MachineLearning\DeepLearning\Debug-MDd\ActivationFunction.obj
D:\Project\C++\New\MachineLearning\DeepLearning\Debug-MDd\BatchNormalization.obj
D:\Project\C++\New\MachineLearning\DeepLearning\Debug-MDd\Dropout.obj
D:\Project\C++\New\MachineLearning\DeepLearning\Debug-MDd\Initializer.obj
D:\Project\C++\New\MachineLearning\DeepLearning\Debug-MDd\NetworkLayer.obj
D:\Project\C++\New\MachineLearning\DeepLearning\Debug-MDd\Optimizer.obj
D:\Project\C++\New\MachineLearning\DeepLearning\Debug-MDd\Regularizer.obj
D:\Project\C++\New\MachineLearning\DeepLearning\Debug-MDd\stdafx.obj
D:\Project\C++\New\MachineLearning\DeepLearning\Debug-MDd\cl.command.1.tlog
D:\Project\C++\New\MachineLearning\DeepLearning\Debug-MDd\CL.read.1.tlog
D:\Project\C++\New\MachineLearning\DeepLearning\Debug-MDd\CL.write.1.tlog
D:\Project\C++\New\MachineLearning\DeepLearning\Debug-MDd\DeepLearning.pch
