D:\PROJECT\C++\NEW\MACHINELEARNING\CLASSIFIER\X64\RELEASE-MD\CLASSIFIER.PCH
D:\PROJECT\C++\NEW\MACHINELEARNING\CLASSIFIER\X64\RELEASE-MD\STDAFX.OBJ
D:\PROJECT\C++\NEW\MACHINELEARNING\CLASSIFIER\X64\RELEASE-MD\VC110.PDB
D:\PROJECT\C++\NEW\MACHINELEARNING\CLASSIFIER\X64\RELEASE-MD\MLLUTILITY.OBJ
D:\PROJECT\C++\NEW\MACHINELEARNING\CLASSIFIER\X64\RELEASE-MD\MLLDATASET.OBJ
D:\PROJECT\C++\NEW\MACHINELEARNING\CLASSIFIER\X64\RELEASE-MD\MLLCLASSIFIER.OBJ
D:\PROJECT\C++\NEW\MACHINELEARNING\X64\RELEASE-MD\CLASSIFIER.LIB
D:\Project\C++\New\MachineLearning\Classifier\x64\Release-MD\MllClassifier.obj
D:\Project\C++\New\MachineLearning\Classifier\x64\Release-MD\MllDataset.obj
D:\Project\C++\New\MachineLearning\Classifier\x64\Release-MD\MllUtility.obj
D:\Project\C++\New\MachineLearning\Classifier\x64\Release-MD\stdafx.obj
D:\Project\C++\New\MachineLearning\Classifier\x64\Release-MD\cl.command.1.tlog
D:\Project\C++\New\MachineLearning\Classifier\x64\Release-MD\CL.read.1.tlog
D:\Project\C++\New\MachineLearning\Classifier\x64\Release-MD\CL.write.1.tlog
D:\Project\C++\New\MachineLearning\Classifier\x64\Release-MD\Lib-link.read.1.tlog
D:\Project\C++\New\MachineLearning\Classifier\x64\Release-MD\Lib-link.write.1.tlog
D:\Project\C++\New\MachineLearning\Classifier\x64\Release-MD\lib.command.1.tlog
D:\Project\C++\New\MachineLearning\Classifier\x64\Release-MD\Classifier.pch
D:\Project\C++\New\MachineLearning\Classifier\x64\Release-MD\vc110.pdb
D:\Project\C++\New\MachineLearning\x64\Release-MD\Classifier.lib
