D:\VISUAL STUDIO 2012\PROJECT\C++\MACHINELEARNING\MACHINELEARNING\DEBUG\MACHINELEARNING.PCH
D:\VISUAL STUDIO 2012\PROJECT\C++\MACHINELEARNING\MACHINELEARNING\DEBUG\STDAFX.OBJ
D:\VISUAL STUDIO 2012\PROJECT\C++\MACHINELEARNING\MACHINELEARNING\DEBUG\VC110.PDB
D:\VISUAL STUDIO 2012\PROJECT\C++\MACHINELEARNING\MACHINELEARNING\DEBUG\DATASET.OBJ
D:\VISUAL STUDIO 2012\PROJECT\C++\MACHINELEARNING\MACHINELEARNING\DEBUG\SUPPORTVECTORMACHINE.OBJ
D:\VISUAL STUDIO 2012\PROJECT\C++\MACHINELEARNING\MACHINELEARNING\DEBUG\MULTILAYERPERCEPTRON.OBJ
D:\VISUAL STUDIO 2012\PROJECT\C++\MACHINELEARNING\DEBUG\MACHINELEARNING.LIB
D:\Visual Studio 2012\Project\C++\MachineLearning\MachineLearning\Debug\Dataset.obj
D:\Visual Studio 2012\Project\C++\MachineLearning\MachineLearning\Debug\MultiLayerPerceptron.obj
D:\Visual Studio 2012\Project\C++\MachineLearning\MachineLearning\Debug\stdafx.obj
D:\Visual Studio 2012\Project\C++\MachineLearning\MachineLearning\Debug\SupportVectorMachine.obj
D:\Visual Studio 2012\Project\C++\MachineLearning\MachineLearning\Debug\cl.command.1.tlog
D:\Visual Studio 2012\Project\C++\MachineLearning\MachineLearning\Debug\CL.read.1.tlog
D:\Visual Studio 2012\Project\C++\MachineLearning\MachineLearning\Debug\CL.write.1.tlog
D:\Visual Studio 2012\Project\C++\MachineLearning\MachineLearning\Debug\Lib-link.read.1.tlog
D:\Visual Studio 2012\Project\C++\MachineLearning\MachineLearning\Debug\Lib-link.write.1.tlog
D:\Visual Studio 2012\Project\C++\MachineLearning\MachineLearning\Debug\lib.command.1.tlog
D:\Visual Studio 2012\Project\C++\MachineLearning\MachineLearning\Debug\MachineLearning.pch
D:\Visual Studio 2012\Project\C++\MachineLearning\MachineLearning\Debug\vc110.idb
D:\Visual Studio 2012\Project\C++\MachineLearning\MachineLearning\Debug\vc110.pdb
D:\Visual Studio 2012\Project\C++\MachineLearning\Debug\MachineLearning.lib
