빌드 시작: 2020-06-10 오전 1:52:58
     1>2 노드의 "D:\Project\C++\New\MachineLearning\MachineLearning\MachineLearning.vcxproj" 프로젝트(Rebuild 대상)입니다.
     1>ClCompile:
         C:\Program Files (x86)\Microsoft Visual Studio 11.0\VC\bin\CL.exe /c /I..\NumericalMethod /I..\Classifier /I..\DeepLearning /Z7 /nologo /W3 /WX- /sdl /Od /Oy- /D WIN32 /D _DEBUG /D _LIB /D _UNICODE /D UNICODE /Gm- /EHsc /RTC1 /MTd /GS /fp:precise /Zc:wchar_t /Zc:forScope /Yc"stdafx.h" /Fp"Debug-MTd\MachineLearning.pch" /Fo"Debug-MTd\\" /Fd"Debug-MTd\vc110.pdb" /Gd /TP /analyze- /errorReport:prompt /Ylsymbol stdafx.cpp
         stdafx.cpp
         C:\Program Files (x86)\Microsoft Visual Studio 11.0\VC\bin\CL.exe /c /I..\NumericalMethod /I..\Classifier /I..\DeepLearning /Z7 /nologo /W3 /WX- /sdl /Od /Oy- /D WIN32 /D _DEBUG /D _LIB /D _UNICODE /D UNICODE /Gm- /EHsc /RTC1 /MTd /GS /fp:precise /Zc:wchar_t /Zc:forScope /Yu"stdafx.h" /Fp"Debug-MTd\MachineLearning.pch" /Fo"Debug-MTd\\" /Fd"Debug-MTd\vc110.pdb" /Gd /TP /analyze- /errorReport:prompt /Ylsymbol AdaptiveBoosting.cpp KNearestNeighbor.cpp LogisticRegression.cpp NaiveBayesian.cpp NormalBayesian.cpp SupportVectorMachine.cpp
         AdaptiveBoosting.cpp
         KNearestNeighbor.cpp
         LogisticRegression.cpp
         NaiveBayesian.cpp
         NormalBayesian.cpp
         SupportVectorMachine.cpp
         코드를 생성하고 있습니다...
       Lib:
         C:\Program Files (x86)\Microsoft Visual Studio 11.0\VC\bin\Lib.exe /OUT:"D:\Project\C++\New\MachineLearning\Debug-MTd\MachineLearning.lib" DeepLearning.lib /LIBPATH:"..\NumericalMethod\x86\Debug-MTd" /LIBPATH:"..\Debug-MTd" /NOLOGO "Debug-MTd\AdaptiveBoosting.obj"
         "Debug-MTd\KNearestNeighbor.obj"
         "Debug-MTd\LogisticRegression.obj"
         "Debug-MTd\NaiveBayesian.obj"
         "Debug-MTd\NormalBayesian.obj"
         "Debug-MTd\stdafx.obj"
         "Debug-MTd\SupportVectorMachine.obj"
         Debug-MTd\stdafx.obj을(를) 바꾸고 있습니다.
         MachineLearning.vcxproj -> D:\Project\C++\New\MachineLearning\Debug-MTd\MachineLearning.lib
     1>"D:\Project\C++\New\MachineLearning\MachineLearning\MachineLearning.vcxproj" 프로젝트를 빌드했습니다(Rebuild 대상).

빌드했습니다.

경과 시간: 00:00:02.21
