D:\PROJECT\C++\NEW\MACHINELEARNING\MACHINELEARNING\DEBUG-MTD\MACHINELEARNING.PCH
D:\PROJECT\C++\NEW\MACHINELEARNING\MACHINELEARNING\DEBUG-MTD\STDAFX.OBJ
D:\PROJECT\C++\NEW\MACHINELEARNING\MACHINELEARNING\DEBUG-MTD\SUPPORTVECTORMACHINE.OBJ
D:\PROJECT\C++\NEW\MACHINELEARNING\MACHINELEARNING\DEBUG-MTD\NORMALBAYESIAN.OBJ
D:\PROJECT\C++\NEW\MACHINELEARNING\MACHINELEARNING\DEBUG-MTD\NAIVEBAYESIAN.OBJ
D:\PROJECT\C++\NEW\MACHINELEARNING\MACHINELEARNING\DEBUG-MTD\LOGISTICREGRESSION.OBJ
D:\PROJECT\C++\NEW\MACHINELEARNING\MACHINELEARNING\DEBUG-MTD\KNEARESTNEIGHBOR.OBJ
D:\PROJECT\C++\NEW\MACHINELEARNING\MACHINELEARNING\DEBUG-MTD\ADAPTIVEBOOSTING.OBJ
D:\PROJECT\C++\NEW\MACHINELEARNING\DEBUG-MTD\MACHINELEARNING.LIB
D:\Project\C++\New\MachineLearning\MachineLearning\Debug-MTd\AdaptiveBoosting.obj
D:\Project\C++\New\MachineLearning\MachineLearning\Debug-MTd\KNearestNeighbor.obj
D:\Project\C++\New\MachineLearning\MachineLearning\Debug-MTd\LogisticRegression.obj
D:\Project\C++\New\MachineLearning\MachineLearning\Debug-MTd\NaiveBayesian.obj
D:\Project\C++\New\MachineLearning\MachineLearning\Debug-MTd\NormalBayesian.obj
D:\Project\C++\New\MachineLearning\MachineLearning\Debug-MTd\stdafx.obj
D:\Project\C++\New\MachineLearning\MachineLearning\Debug-MTd\SupportVectorMachine.obj
D:\Project\C++\New\MachineLearning\MachineLearning\Debug-MTd\cl.command.1.tlog
D:\Project\C++\New\MachineLearning\MachineLearning\Debug-MTd\CL.read.1.tlog
D:\Project\C++\New\MachineLearning\MachineLearning\Debug-MTd\CL.write.1.tlog
D:\Project\C++\New\MachineLearning\MachineLearning\Debug-MTd\Lib-link.read.1.tlog
D:\Project\C++\New\MachineLearning\MachineLearning\Debug-MTd\Lib-link.write.1.tlog
D:\Project\C++\New\MachineLearning\MachineLearning\Debug-MTd\lib.command.1.tlog
D:\Project\C++\New\MachineLearning\MachineLearning\Debug-MTd\MachineLearning.pch
D:\Project\C++\New\MachineLearning\Debug-MTd\MachineLearning.lib
