D:\PROJECT\C++\NEW\MACHINELEARNING\DEEPLEARNING\DEBUG-MTD\DEEPLEARNING.PCH
D:\PROJECT\C++\NEW\MACHINELEARNING\DEEPLEARNING\DEBUG-MTD\STDAFX.OBJ
D:\PROJECT\C++\NEW\MACHINELEARNING\DEEPLEARNING\DEBUG-MTD\SPARSEAUTOENCODER.OBJ
D:\PROJECT\C++\NEW\MACHINELEARNING\DEEPLEARNING\DEBUG-MTD\REGULARIZER.OBJ
D:\PROJECT\C++\NEW\MACHINELEARNING\DEEPLEARNING\DEBUG-MTD\DROPOUT.OBJ
D:\PROJECT\C++\NEW\MACHINELEARNING\DEEPLEARNING\DEBUG-MTD\OPTIMIZER.OBJ
D:\PROJECT\C++\NEW\MACHINELEARNING\DEEPLEARNING\DEBUG-MTD\NETWORKLAYER.OBJ
D:\PROJECT\C++\NEW\MACHINELEARNING\DEEPLEARNING\DEBUG-MTD\MULTILAYERPERCEPTRON.OBJ
D:\PROJECT\C++\NEW\MACHINELEARNING\DEEPLEARNING\DEBUG-MTD\INITIALIZER.OBJ
D:\PROJECT\C++\NEW\MACHINELEARNING\DEEPLEARNING\DEBUG-MTD\BATCHNORMALIZATION.OBJ
D:\PROJECT\C++\NEW\MACHINELEARNING\DEEPLEARNING\DEBUG-MTD\ACTIVATIONFUNCTION.OBJ
D:\PROJECT\C++\NEW\MACHINELEARNING\DEBUG-MTD\DEEPLEARNING.LIB
D:\Project\C++\New\MachineLearning\DeepLearning\Debug-MTd\ActivationFunction.obj
D:\Project\C++\New\MachineLearning\DeepLearning\Debug-MTd\BatchNormalization.obj
D:\Project\C++\New\MachineLearning\DeepLearning\Debug-MTd\Dropout.obj
D:\Project\C++\New\MachineLearning\DeepLearning\Debug-MTd\Initializer.obj
D:\Project\C++\New\MachineLearning\DeepLearning\Debug-MTd\MultiLayerPerceptron.obj
D:\Project\C++\New\MachineLearning\DeepLearning\Debug-MTd\NetworkLayer.obj
D:\Project\C++\New\MachineLearning\DeepLearning\Debug-MTd\Optimizer.obj
D:\Project\C++\New\MachineLearning\DeepLearning\Debug-MTd\Regularizer.obj
D:\Project\C++\New\MachineLearning\DeepLearning\Debug-MTd\SparseAutoEncoder.obj
D:\Project\C++\New\MachineLearning\DeepLearning\Debug-MTd\stdafx.obj
D:\Project\C++\New\MachineLearning\DeepLearning\Debug-MTd\cl.command.1.tlog
D:\Project\C++\New\MachineLearning\DeepLearning\Debug-MTd\CL.read.1.tlog
D:\Project\C++\New\MachineLearning\DeepLearning\Debug-MTd\CL.write.1.tlog
D:\Project\C++\New\MachineLearning\DeepLearning\Debug-MTd\Lib-link.read.1.tlog
D:\Project\C++\New\MachineLearning\DeepLearning\Debug-MTd\Lib-link.write.1.tlog
D:\Project\C++\New\MachineLearning\DeepLearning\Debug-MTd\lib.command.1.tlog
D:\Project\C++\New\MachineLearning\DeepLearning\Debug-MTd\DeepLearning.pch
D:\Project\C++\New\MachineLearning\Debug-MTd\DeepLearning.lib
