빌드 시작: 2020-06-10 오전 1:54:22
     1>2 노드의 "D:\Project\C++\New\MachineLearning\MachineLearning\MachineLearning.vcxproj" 프로젝트(Rebuild 대상)입니다.
     1>ClCompile:
         C:\Program Files (x86)\Microsoft Visual Studio 11.0\VC\bin\x86_amd64\CL.exe /c /I..\NumericalMethod /I..\Classifier /I..\DeepLearning /Z7 /nologo /W3 /WX- /sdl /O2 /Oi /GL /D WIN32 /D NDEBUG /D _LIB /D _UNICODE /D UNICODE /Gm- /EHsc /MT /GS /Gy /fp:precise /Zc:wchar_t /Zc:forScope /Yc"stdafx.h" /Fp"x64\Release-MT\MachineLearning.pch" /Fo"x64\Release-MT\\" /Fd"x64\Release-MT\vc110.pdb" /Gd /TP /errorReport:prompt /Ylsymbol stdafx.cpp
         stdafx.cpp
         C:\Program Files (x86)\Microsoft Visual Studio 11.0\VC\bin\x86_amd64\CL.exe /c /I..\NumericalMethod /I..\Classifier /I..\DeepLearning /Z7 /nologo /W3 /WX- /sdl /O2 /Oi /GL /D WIN32 /D NDEBUG /D _LIB /D _UNICODE /D UNICODE /Gm- /EHsc /MT /GS /Gy /fp:precise /Zc:wchar_t /Zc:forScope /Yu"stdafx.h" /Fp"x64\Release-MT\MachineLearning.pch" /Fo"x64\Release-MT\\" /Fd"x64\Release-MT\vc110.pdb" /Gd /TP /errorReport:prompt /Ylsymbol AdaptiveBoosting.cpp KNearestNeighbor.cpp LogisticRegression.cpp NaiveBayesian.cpp NormalBayesian.cpp SupportVectorMachine.cpp
         AdaptiveBoosting.cpp
         KNearestNeighbor.cpp
         LogisticRegression.cpp
         NaiveBayesian.cpp
         NormalBayesian.cpp
         SupportVectorMachine.cpp
       Lib:
         C:\Program Files (x86)\Microsoft Visual Studio 11.0\VC\bin\x86_amd64\Lib.exe /OUT:"D:\Project\C++\New\MachineLearning\x64\Release-MT\MachineLearning.lib" DeepLearning.lib /LIBPATH:"..\NumericalMethod\x64\Release-MT" /LIBPATH:"..\x64\Release-MT" /NOLOGO /MACHINE:X64 /LTCG "x64\Release-MT\AdaptiveBoosting.obj"
         "x64\Release-MT\KNearestNeighbor.obj"
         "x64\Release-MT\LogisticRegression.obj"
         "x64\Release-MT\NaiveBayesian.obj"
         "x64\Release-MT\NormalBayesian.obj"
         "x64\Release-MT\stdafx.obj"
         "x64\Release-MT\SupportVectorMachine.obj"
         x64\Release-MT\stdafx.obj을(를) 바꾸고 있습니다.
         MachineLearning.vcxproj -> D:\Project\C++\New\MachineLearning\x64\Release-MT\MachineLearning.lib
     1>"D:\Project\C++\New\MachineLearning\MachineLearning\MachineLearning.vcxproj" 프로젝트를 빌드했습니다(Rebuild 대상).

빌드했습니다.

경과 시간: 00:00:01.95
