D:\PROJECT\C++\NEW\MACHINELEARNING\PROGRAM\RELEASE-MT\PROGRAM.PCH
D:\PROJECT\C++\NEW\MACHINELEARNING\PROGRAM\RELEASE-MT\STDAFX.OBJ
D:\PROJECT\C++\NEW\MACHINELEARNING\PROGRAM\RELEASE-MT\VC110.PDB
D:\PROJECT\C++\NEW\MACHINELEARNING\PROGRAM\RELEASE-MT\PROGRAM.OBJ
D:\PROJECT\C++\NEW\MACHINELEARNING\RELEASE-MT\PROGRAM.EXE
D:\PROJECT\C++\NEW\MACHINELEARNING\RELEASE-MT\PROGRAM.PDB
D:\Project\C++\New\MachineLearning\Program\Release-MT\Program.obj
D:\Project\C++\New\MachineLearning\Program\Release-MT\stdafx.obj
D:\Project\C++\New\MachineLearning\Program\Release-MT\cl.command.1.tlog
D:\Project\C++\New\MachineLearning\Program\Release-MT\CL.read.1.tlog
D:\Project\C++\New\MachineLearning\Program\Release-MT\CL.write.1.tlog
D:\Project\C++\New\MachineLearning\Program\Release-MT\link-cvtres.read.1.tlog
D:\Project\C++\New\MachineLearning\Program\Release-MT\link-cvtres.write.1.tlog
D:\Project\C++\New\MachineLearning\Program\Release-MT\link-rc.read.1.tlog
D:\Project\C++\New\MachineLearning\Program\Release-MT\link-rc.write.1.tlog
D:\Project\C++\New\MachineLearning\Program\Release-MT\link.command.1.tlog
D:\Project\C++\New\MachineLearning\Program\Release-MT\link.read.1.tlog
D:\Project\C++\New\MachineLearning\Program\Release-MT\link.write.1.tlog
D:\Project\C++\New\MachineLearning\Program\Release-MT\Program.pch
D:\Project\C++\New\MachineLearning\Program\Release-MT\vc110.pdb
D:\Project\C++\New\MachineLearning\Release-MT\Program.pdb
D:\Project\C++\New\MachineLearning\Release-MT\Program.exe
