D:\PROJECT\C++\NEW\MACHINELEARNING\CLASSIFIER\RELEASE-MT\CLASSIFIER.PCH
D:\PROJECT\C++\NEW\MACHINELEARNING\CLASSIFIER\RELEASE-MT\STDAFX.OBJ
D:\PROJECT\C++\NEW\MACHINELEARNING\CLASSIFIER\RELEASE-MT\VC110.PDB
D:\PROJECT\C++\NEW\MACHINELEARNING\CLASSIFIER\RELEASE-MT\MLLUTILITY.OBJ
D:\PROJECT\C++\NEW\MACHINELEARNING\CLASSIFIER\RELEASE-MT\MLLDATASET.OBJ
D:\PROJECT\C++\NEW\MACHINELEARNING\CLASSIFIER\RELEASE-MT\MLLCLASSIFIER.OBJ
D:\PROJECT\C++\NEW\MACHINELEARNING\RELEASE-MT\CLASSIFIER.LIB
D:\Project\C++\New\MachineLearning\Classifier\Release-MT\MllClassifier.obj
D:\Project\C++\New\MachineLearning\Classifier\Release-MT\MllDataset.obj
D:\Project\C++\New\MachineLearning\Classifier\Release-MT\MllUtility.obj
D:\Project\C++\New\MachineLearning\Classifier\Release-MT\stdafx.obj
D:\Project\C++\New\MachineLearning\Classifier\Release-MT\cl.command.1.tlog
D:\Project\C++\New\MachineLearning\Classifier\Release-MT\CL.read.1.tlog
D:\Project\C++\New\MachineLearning\Classifier\Release-MT\CL.write.1.tlog
D:\Project\C++\New\MachineLearning\Classifier\Release-MT\Lib-link.read.1.tlog
D:\Project\C++\New\MachineLearning\Classifier\Release-MT\Lib-link.write.1.tlog
D:\Project\C++\New\MachineLearning\Classifier\Release-MT\lib.command.1.tlog
D:\Project\C++\New\MachineLearning\Classifier\Release-MT\Classifier.pch
D:\Project\C++\New\MachineLearning\Classifier\Release-MT\vc110.pdb
D:\Project\C++\New\MachineLearning\Release-MT\Classifier.lib
