빌드 시작: 2020-06-10 오전 1:53:39
     1>2 노드의 "D:\Project\C++\New\MachineLearning\DeepLearning\DeepLearning.vcxproj" 프로젝트(Rebuild 대상)입니다.
     1>ClCompile:
         C:\Program Files (x86)\Microsoft Visual Studio 11.0\VC\bin\x86_amd64\CL.exe /c /I..\NumericalMethod /I..\Classifier /Z7 /nologo /W3 /WX- /sdl /Od /D WIN32 /D _DEBUG /D _LIB /D _UNICODE /D UNICODE /Gm- /EHsc /RTC1 /MDd /GS /fp:precise /Zc:wchar_t /Zc:forScope /Yc"stdafx.h" /Fp"x64\Debug-MDd\DeepLearning.pch" /Fo"x64\Debug-MDd\\" /Fd"x64\Debug-MDd\vc110.pdb" /Gd /TP /errorReport:prompt /Ylsymbol stdafx.cpp
         stdafx.cpp
         C:\Program Files (x86)\Microsoft Visual Studio 11.0\VC\bin\x86_amd64\CL.exe /c /I..\NumericalMethod /I..\Classifier /Z7 /nologo /W3 /WX- /sdl /Od /D WIN32 /D _DEBUG /D _LIB /D _UNICODE /D UNICODE /Gm- /EHsc /RTC1 /MDd /GS /fp:precise /Zc:wchar_t /Zc:forScope /Yu"stdafx.h" /Fp"x64\Debug-MDd\DeepLearning.pch" /Fo"x64\Debug-MDd\\" /Fd"x64\Debug-MDd\vc110.pdb" /Gd /TP /errorReport:prompt /Ylsymbol ActivationFunction.cpp BatchNormalization.cpp Initializer.cpp MultiLayerPerceptron.cpp NetworkLayer.cpp Optimizer.cpp Dropout.cpp Regularizer.cpp AutoEncoder.cpp
         ActivationFunction.cpp
         BatchNormalization.cpp
         Initializer.cpp
         MultiLayerPerceptron.cpp
         NetworkLayer.cpp
         Optimizer.cpp
         Dropout.cpp
         Regularizer.cpp
         AutoEncoder.cpp
         코드를 생성하고 있습니다...
       Lib:
         C:\Program Files (x86)\Microsoft Visual Studio 11.0\VC\bin\x86_amd64\Lib.exe /OUT:"D:\Project\C++\New\MachineLearning\x64\Debug-MDd\DeepLearning.lib" Classifier.lib /LIBPATH:"..\NumericalMethod\x64\Debug-MDd" /LIBPATH:"..\x64\Debug-MDd" /NOLOGO /MACHINE:X64 "x64\Debug-MDd\ActivationFunction.obj"
         "x64\Debug-MDd\BatchNormalization.obj"
         "x64\Debug-MDd\Initializer.obj"
         "x64\Debug-MDd\MultiLayerPerceptron.obj"
         "x64\Debug-MDd\NetworkLayer.obj"
         "x64\Debug-MDd\Optimizer.obj"
         "x64\Debug-MDd\Dropout.obj"
         "x64\Debug-MDd\Regularizer.obj"
         "x64\Debug-MDd\AutoEncoder.obj"
         "x64\Debug-MDd\stdafx.obj"
         x64\Debug-MDd\stdafx.obj을(를) 바꾸고 있습니다.
         DeepLearning.vcxproj -> D:\Project\C++\New\MachineLearning\x64\Debug-MDd\DeepLearning.lib
     1>"D:\Project\C++\New\MachineLearning\DeepLearning\DeepLearning.vcxproj" 프로젝트를 빌드했습니다(Rebuild 대상).

빌드했습니다.

경과 시간: 00:00:02.25
