D:\PROJECT\C++\NEW\MACHINELEARNING\DEEPLEARNING\X64\DEBUG-MDD\DEEPLEARNING.PCH
D:\PROJECT\C++\NEW\MACHINELEARNING\DEEPLEARNING\X64\DEBUG-MDD\STDAFX.OBJ
D:\PROJECT\C++\NEW\MACHINELEARNING\DEEPLEARNING\X64\DEBUG-MDD\SPARSEAUTOENCODER.OBJ
D:\PROJECT\C++\NEW\MACHINELEARNING\DEEPLEARNING\X64\DEBUG-MDD\REGULARIZER.OBJ
D:\PROJECT\C++\NEW\MACHINELEARNING\DEEPLEARNING\X64\DEBUG-MDD\DROPOUT.OBJ
D:\PROJECT\C++\NEW\MACHINELEARNING\DEEPLEARNING\X64\DEBUG-MDD\OPTIMIZER.OBJ
D:\PROJECT\C++\NEW\MACHINELEARNING\DEEPLEARNING\X64\DEBUG-MDD\NETWORKLAYER.OBJ
D:\PROJECT\C++\NEW\MACHINELEARNING\DEEPLEARNING\X64\DEBUG-MDD\MULTILAYERPERCEPTRON.OBJ
D:\PROJECT\C++\NEW\MACHINELEARNING\DEEPLEARNING\X64\DEBUG-MDD\INITIALIZER.OBJ
D:\PROJECT\C++\NEW\MACHINELEARNING\DEEPLEARNING\X64\DEBUG-MDD\BATCHNORMALIZATION.OBJ
D:\PROJECT\C++\NEW\MACHINELEARNING\DEEPLEARNING\X64\DEBUG-MDD\ACTIVATIONFUNCTION.OBJ
D:\PROJECT\C++\NEW\MACHINELEARNING\X64\DEBUG-MDD\DEEPLEARNING.LIB
D:\Project\C++\New\MachineLearning\DeepLearning\x64\Debug-MDd\ActivationFunction.obj
D:\Project\C++\New\MachineLearning\DeepLearning\x64\Debug-MDd\BatchNormalization.obj
D:\Project\C++\New\MachineLearning\DeepLearning\x64\Debug-MDd\Dropout.obj
D:\Project\C++\New\MachineLearning\DeepLearning\x64\Debug-MDd\Initializer.obj
D:\Project\C++\New\MachineLearning\DeepLearning\x64\Debug-MDd\MultiLayerPerceptron.obj
D:\Project\C++\New\MachineLearning\DeepLearning\x64\Debug-MDd\NetworkLayer.obj
D:\Project\C++\New\MachineLearning\DeepLearning\x64\Debug-MDd\Optimizer.obj
D:\Project\C++\New\MachineLearning\DeepLearning\x64\Debug-MDd\Regularizer.obj
D:\Project\C++\New\MachineLearning\DeepLearning\x64\Debug-MDd\SparseAutoEncoder.obj
D:\Project\C++\New\MachineLearning\DeepLearning\x64\Debug-MDd\stdafx.obj
D:\Project\C++\New\MachineLearning\DeepLearning\x64\Debug-MDd\cl.command.1.tlog
D:\Project\C++\New\MachineLearning\DeepLearning\x64\Debug-MDd\CL.read.1.tlog
D:\Project\C++\New\MachineLearning\DeepLearning\x64\Debug-MDd\CL.write.1.tlog
D:\Project\C++\New\MachineLearning\DeepLearning\x64\Debug-MDd\Lib-link.read.1.tlog
D:\Project\C++\New\MachineLearning\DeepLearning\x64\Debug-MDd\Lib-link.write.1.tlog
D:\Project\C++\New\MachineLearning\DeepLearning\x64\Debug-MDd\lib.command.1.tlog
D:\Project\C++\New\MachineLearning\DeepLearning\x64\Debug-MDd\DeepLearning.pch
D:\Project\C++\New\MachineLearning\x64\Debug-MDd\DeepLearning.lib
