D:\PROJECT\C++\NEW\MACHINELEARNING\MACHINELEARNING\X64\RELEASE-MD\MACHINELEARNING.PCH
D:\PROJECT\C++\NEW\MACHINELEARNING\MACHINELEARNING\X64\RELEASE-MD\STDAFX.OBJ
D:\PROJECT\C++\NEW\MACHINELEARNING\MACHINELEARNING\X64\RELEASE-MD\SUPPORTVECTORMACHINE.OBJ
D:\PROJECT\C++\NEW\MACHINELEARNING\MACHINELEARNING\X64\RELEASE-MD\NORMALBAYESIAN.OBJ
D:\PROJECT\C++\NEW\MACHINELEARNING\MACHINELEARNING\X64\RELEASE-MD\NAIVEBAYESIAN.OBJ
D:\PROJECT\C++\NEW\MACHINELEARNING\MACHINELEARNING\X64\RELEASE-MD\LOGISTICREGRESSION.OBJ
D:\PROJECT\C++\NEW\MACHINELEARNING\MACHINELEARNING\X64\RELEASE-MD\KNEARESTNEIGHBOR.OBJ
D:\PROJECT\C++\NEW\MACHINELEARNING\MACHINELEARNING\X64\RELEASE-MD\ADAPTIVEBOOSTING.OBJ
D:\PROJECT\C++\NEW\MACHINELEARNING\X64\RELEASE-MD\MACHINELEARNING.LIB
D:\Project\C++\New\MachineLearning\MachineLearning\x64\Release-MD\AdaptiveBoosting.obj
D:\Project\C++\New\MachineLearning\MachineLearning\x64\Release-MD\KNearestNeighbor.obj
D:\Project\C++\New\MachineLearning\MachineLearning\x64\Release-MD\LogisticRegression.obj
D:\Project\C++\New\MachineLearning\MachineLearning\x64\Release-MD\NaiveBayesian.obj
D:\Project\C++\New\MachineLearning\MachineLearning\x64\Release-MD\NormalBayesian.obj
D:\Project\C++\New\MachineLearning\MachineLearning\x64\Release-MD\stdafx.obj
D:\Project\C++\New\MachineLearning\MachineLearning\x64\Release-MD\SupportVectorMachine.obj
D:\Project\C++\New\MachineLearning\MachineLearning\x64\Release-MD\cl.command.1.tlog
D:\Project\C++\New\MachineLearning\MachineLearning\x64\Release-MD\CL.read.1.tlog
D:\Project\C++\New\MachineLearning\MachineLearning\x64\Release-MD\CL.write.1.tlog
D:\Project\C++\New\MachineLearning\MachineLearning\x64\Release-MD\Lib-link.read.1.tlog
D:\Project\C++\New\MachineLearning\MachineLearning\x64\Release-MD\Lib-link.write.1.tlog
D:\Project\C++\New\MachineLearning\MachineLearning\x64\Release-MD\lib.command.1.tlog
D:\Project\C++\New\MachineLearning\MachineLearning\x64\Release-MD\MachineLearning.pch
D:\Project\C++\New\MachineLearning\x64\Release-MD\MachineLearning.lib
