D:\PROJECT\C++\NEW\MACHINELEARNING\PROGRAM\DEBUG-MTD\PROGRAM.PCH
D:\PROJECT\C++\NEW\MACHINELEARNING\PROGRAM\DEBUG-MTD\STDAFX.OBJ
D:\PROJECT\C++\NEW\MACHINELEARNING\PROGRAM\DEBUG-MTD\VC110.PDB
D:\PROJECT\C++\NEW\MACHINELEARNING\PROGRAM\DEBUG-MTD\PROGRAM.OBJ
D:\PROJECT\C++\NEW\MACHINELEARNING\DEBUG-MTD\PROGRAM.ILK
D:\PROJECT\C++\NEW\MACHINELEARNING\DEBUG-MTD\PROGRAM.EXE
D:\PROJECT\C++\NEW\MACHINELEARNING\DEBUG-MTD\PROGRAM.PDB
D:\Project\C++\New\MachineLearning\Program\Debug-MTd\Program.obj
D:\Project\C++\New\MachineLearning\Program\Debug-MTd\stdafx.obj
D:\Project\C++\New\MachineLearning\Program\Debug-MTd\cl.command.1.tlog
D:\Project\C++\New\MachineLearning\Program\Debug-MTd\CL.read.1.tlog
D:\Project\C++\New\MachineLearning\Program\Debug-MTd\CL.write.1.tlog
D:\Project\C++\New\MachineLearning\Program\Debug-MTd\link-cvtres.read.1.tlog
D:\Project\C++\New\MachineLearning\Program\Debug-MTd\link-cvtres.write.1.tlog
D:\Project\C++\New\MachineLearning\Program\Debug-MTd\link-rc.read.1.tlog
D:\Project\C++\New\MachineLearning\Program\Debug-MTd\link-rc.write.1.tlog
D:\Project\C++\New\MachineLearning\Program\Debug-MTd\link.command.1.tlog
D:\Project\C++\New\MachineLearning\Program\Debug-MTd\link.read.1.tlog
D:\Project\C++\New\MachineLearning\Program\Debug-MTd\link.write.1.tlog
D:\Project\C++\New\MachineLearning\Program\Debug-MTd\Program.pch
D:\Project\C++\New\MachineLearning\Program\Debug-MTd\vc110.idb
D:\Project\C++\New\MachineLearning\Program\Debug-MTd\vc110.pdb
D:\Project\C++\New\MachineLearning\Debug-MTd\Program.pdb
D:\Project\C++\New\MachineLearning\Debug-MTd\Program.exe
D:\Project\C++\New\MachineLearning\Debug-MTd\Program.ilk
