D:\PROJECT\C++\NEW\MACHINELEARNING\DEEPLEARNING\X64\RELEASE-MD\DEEPLEARNING.PCH
D:\PROJECT\C++\NEW\MACHINELEARNING\DEEPLEARNING\X64\RELEASE-MD\STDAFX.OBJ
D:\PROJECT\C++\NEW\MACHINELEARNING\DEEPLEARNING\X64\RELEASE-MD\SPARSEAUTOENCODER.OBJ
D:\PROJECT\C++\NEW\MACHINELEARNING\DEEPLEARNING\X64\RELEASE-MD\REGULARIZER.OBJ
D:\PROJECT\C++\NEW\MACHINELEARNING\DEEPLEARNING\X64\RELEASE-MD\DROPOUT.OBJ
D:\PROJECT\C++\NEW\MACHINELEARNING\DEEPLEARNING\X64\RELEASE-MD\OPTIMIZER.OBJ
D:\PROJECT\C++\NEW\MACHINELEARNING\DEEPLEARNING\X64\RELEASE-MD\NETWORKLAYER.OBJ
D:\PROJECT\C++\NEW\MACHINELEARNING\DEEPLEARNING\X64\RELEASE-MD\MULTILAYERPERCEPTRON.OBJ
D:\PROJECT\C++\NEW\MACHINELEARNING\DEEPLEARNING\X64\RELEASE-MD\INITIALIZER.OBJ
D:\PROJECT\C++\NEW\MACHINELEARNING\DEEPLEARNING\X64\RELEASE-MD\BATCHNORMALIZATION.OBJ
D:\PROJECT\C++\NEW\MACHINELEARNING\DEEPLEARNING\X64\RELEASE-MD\ACTIVATIONFUNCTION.OBJ
D:\PROJECT\C++\NEW\MACHINELEARNING\X64\RELEASE-MD\DEEPLEARNING.LIB
D:\Project\C++\New\MachineLearning\DeepLearning\x64\Release-MD\ActivationFunction.obj
D:\Project\C++\New\MachineLearning\DeepLearning\x64\Release-MD\BatchNormalization.obj
D:\Project\C++\New\MachineLearning\DeepLearning\x64\Release-MD\Dropout.obj
D:\Project\C++\New\MachineLearning\DeepLearning\x64\Release-MD\Initializer.obj
D:\Project\C++\New\MachineLearning\DeepLearning\x64\Release-MD\MultiLayerPerceptron.obj
D:\Project\C++\New\MachineLearning\DeepLearning\x64\Release-MD\NetworkLayer.obj
D:\Project\C++\New\MachineLearning\DeepLearning\x64\Release-MD\Optimizer.obj
D:\Project\C++\New\MachineLearning\DeepLearning\x64\Release-MD\Regularizer.obj
D:\Project\C++\New\MachineLearning\DeepLearning\x64\Release-MD\SparseAutoEncoder.obj
D:\Project\C++\New\MachineLearning\DeepLearning\x64\Release-MD\stdafx.obj
D:\Project\C++\New\MachineLearning\DeepLearning\x64\Release-MD\cl.command.1.tlog
D:\Project\C++\New\MachineLearning\DeepLearning\x64\Release-MD\CL.read.1.tlog
D:\Project\C++\New\MachineLearning\DeepLearning\x64\Release-MD\CL.write.1.tlog
D:\Project\C++\New\MachineLearning\DeepLearning\x64\Release-MD\Lib-link.read.1.tlog
D:\Project\C++\New\MachineLearning\DeepLearning\x64\Release-MD\Lib-link.write.1.tlog
D:\Project\C++\New\MachineLearning\DeepLearning\x64\Release-MD\lib.command.1.tlog
D:\Project\C++\New\MachineLearning\DeepLearning\x64\Release-MD\DeepLearning.pch
D:\Project\C++\New\MachineLearning\x64\Release-MD\DeepLearning.lib
