D:\PROJECT\C++\NEW\MACHINELEARNING\MACHINELEARNING\RELEASE-MT\MACHINELEARNING.PCH
D:\PROJECT\C++\NEW\MACHINELEARNING\MACHINELEARNING\RELEASE-MT\STDAFX.OBJ
D:\PROJECT\C++\NEW\MACHINELEARNING\MACHINELEARNING\RELEASE-MT\SUPPORTVECTORMACHINE.OBJ
D:\PROJECT\C++\NEW\MACHINELEARNING\MACHINELEARNING\RELEASE-MT\NORMALBAYESIAN.OBJ
D:\PROJECT\C++\NEW\MACHINELEARNING\MACHINELEARNING\RELEASE-MT\NAIVEBAYESIAN.OBJ
D:\PROJECT\C++\NEW\MACHINELEARNING\MACHINELEARNING\RELEASE-MT\LOGISTICREGRESSION.OBJ
D:\PROJECT\C++\NEW\MACHINELEARNING\MACHINELEARNING\RELEASE-MT\KNEARESTNEIGHBOR.OBJ
D:\PROJECT\C++\NEW\MACHINELEARNING\MACHINELEARNING\RELEASE-MT\ADAPTIVEBOOSTING.OBJ
D:\PROJECT\C++\NEW\MACHINELEARNING\RELEASE-MT\MACHINELEARNING.LIB
D:\Project\C++\New\MachineLearning\MachineLearning\Release-MT\AdaptiveBoosting.obj
D:\Project\C++\New\MachineLearning\MachineLearning\Release-MT\KNearestNeighbor.obj
D:\Project\C++\New\MachineLearning\MachineLearning\Release-MT\LogisticRegression.obj
D:\Project\C++\New\MachineLearning\MachineLearning\Release-MT\NaiveBayesian.obj
D:\Project\C++\New\MachineLearning\MachineLearning\Release-MT\NormalBayesian.obj
D:\Project\C++\New\MachineLearning\MachineLearning\Release-MT\stdafx.obj
D:\Project\C++\New\MachineLearning\MachineLearning\Release-MT\SupportVectorMachine.obj
D:\Project\C++\New\MachineLearning\MachineLearning\Release-MT\cl.command.1.tlog
D:\Project\C++\New\MachineLearning\MachineLearning\Release-MT\CL.read.1.tlog
D:\Project\C++\New\MachineLearning\MachineLearning\Release-MT\CL.write.1.tlog
D:\Project\C++\New\MachineLearning\MachineLearning\Release-MT\Lib-link.read.1.tlog
D:\Project\C++\New\MachineLearning\MachineLearning\Release-MT\Lib-link.write.1.tlog
D:\Project\C++\New\MachineLearning\MachineLearning\Release-MT\lib.command.1.tlog
D:\Project\C++\New\MachineLearning\MachineLearning\Release-MT\MachineLearning.pch
D:\Project\C++\New\MachineLearning\Release-MT\MachineLearning.lib
