빌드 시작: 2020-06-10 오전 1:53:25
     1>2 노드의 "D:\Project\C++\New\MachineLearning\MachineLearning\MachineLearning.vcxproj" 프로젝트(Rebuild 대상)입니다.
     1>ClCompile:
         C:\Program Files (x86)\Microsoft Visual Studio 11.0\VC\bin\CL.exe /c /I..\NumericalMethod /I..\Classifier /I..\DeepLearning /Z7 /nologo /W3 /WX- /sdl /O2 /Oi /Oy- /GL /D WIN32 /D NDEBUG /D _LIB /D _UNICODE /D UNICODE /Gm- /EHsc /MT /GS /Gy /fp:precise /Zc:wchar_t /Zc:forScope /Yc"stdafx.h" /Fp"Release-MT\MachineLearning.pch" /Fo"Release-MT\\" /Fd"Release-MT\vc110.pdb" /Gd /TP /analyze- /errorReport:prompt /Ylsymbol stdafx.cpp
         stdafx.cpp
         C:\Program Files (x86)\Microsoft Visual Studio 11.0\VC\bin\CL.exe /c /I..\NumericalMethod /I..\Classifier /I..\DeepLearning /Z7 /nologo /W3 /WX- /sdl /O2 /Oi /Oy- /GL /D WIN32 /D NDEBUG /D _LIB /D _UNICODE /D UNICODE /Gm- /EHsc /MT /GS /Gy /fp:precise /Zc:wchar_t /Zc:forScope /Yu"stdafx.h" /Fp"Release-MT\MachineLearning.pch" /Fo"Release-MT\\" /Fd"Release-MT\vc110.pdb" /Gd /TP /analyze- /errorReport:prompt /Ylsymbol AdaptiveBoosting.cpp KNearestNeighbor.cpp LogisticRegression.cpp NaiveBayesian.cpp NormalBayesian.cpp SupportVectorMachine.cpp
         AdaptiveBoosting.cpp
         KNearestNeighbor.cpp
         LogisticRegression.cpp
         NaiveBayesian.cpp
         NormalBayesian.cpp
         SupportVectorMachine.cpp
       Lib:
         C:\Program Files (x86)\Microsoft Visual Studio 11.0\VC\bin\Lib.exe /OUT:"D:\Project\C++\New\MachineLearning\Release-MT\MachineLearning.lib" DeepLearning.lib /LIBPATH:"..\NumericalMethod\x86\Release-MT" /LIBPATH:"..\Release-MT" /NOLOGO /LTCG "Release-MT\AdaptiveBoosting.obj"
         "Release-MT\KNearestNeighbor.obj"
         "Release-MT\LogisticRegression.obj"
         "Release-MT\NaiveBayesian.obj"
         "Release-MT\NormalBayesian.obj"
         "Release-MT\stdafx.obj"
         "Release-MT\SupportVectorMachine.obj"
         Release-MT\stdafx.obj을(를) 바꾸고 있습니다.
         MachineLearning.vcxproj -> D:\Project\C++\New\MachineLearning\Release-MT\MachineLearning.lib
     1>"D:\Project\C++\New\MachineLearning\MachineLearning\MachineLearning.vcxproj" 프로젝트를 빌드했습니다(Rebuild 대상).

빌드했습니다.

경과 시간: 00:00:02.07
