D:\PROJECT\C++\NEW\MACHINELEARNING\CLASSIFIER\X64\DEBUG-MTD\CLASSIFIER.PCH
D:\PROJECT\C++\NEW\MACHINELEARNING\CLASSIFIER\X64\DEBUG-MTD\STDAFX.OBJ
D:\PROJECT\C++\NEW\MACHINELEARNING\CLASSIFIER\X64\DEBUG-MTD\VC110.PDB
D:\PROJECT\C++\NEW\MACHINELEARNING\CLASSIFIER\X64\DEBUG-MTD\MLLCLASSIFIER.OBJ
D:\PROJECT\C++\NEW\MACHINELEARNING\CLASSIFIER\X64\DEBUG-MTD\MLLDATASET.OBJ
D:\PROJECT\C++\NEW\MACHINELEARNING\CLASSIFIER\X64\DEBUG-MTD\MLLUTILITY.OBJ
D:\PROJECT\C++\NEW\MACHINELEARNING\X64\DEBUG-MTD\CLASSIFIER.LIB
D:\Project\C++\New\MachineLearning\Classifier\x64\Debug-MTd\MllClassifier.obj
D:\Project\C++\New\MachineLearning\Classifier\x64\Debug-MTd\MllDataset.obj
D:\Project\C++\New\MachineLearning\Classifier\x64\Debug-MTd\MllUtility.obj
D:\Project\C++\New\MachineLearning\Classifier\x64\Debug-MTd\stdafx.obj
D:\Project\C++\New\MachineLearning\Classifier\x64\Debug-MTd\cl.command.1.tlog
D:\Project\C++\New\MachineLearning\Classifier\x64\Debug-MTd\CL.read.1.tlog
D:\Project\C++\New\MachineLearning\Classifier\x64\Debug-MTd\CL.write.1.tlog
D:\Project\C++\New\MachineLearning\Classifier\x64\Debug-MTd\Lib-link.read.1.tlog
D:\Project\C++\New\MachineLearning\Classifier\x64\Debug-MTd\Lib-link.write.1.tlog
D:\Project\C++\New\MachineLearning\Classifier\x64\Debug-MTd\lib.command.1.tlog
D:\Project\C++\New\MachineLearning\Classifier\x64\Debug-MTd\Classifier.pch
D:\Project\C++\New\MachineLearning\Classifier\x64\Debug-MTd\vc110.idb
D:\Project\C++\New\MachineLearning\Classifier\x64\Debug-MTd\vc110.pdb
D:\Project\C++\New\MachineLearning\x64\Debug-MTd\Classifier.lib
