빌드 시작: 2020-06-10 오전 1:53:41
     1>2 노드의 "D:\Project\C++\New\MachineLearning\MachineLearning\MachineLearning.vcxproj" 프로젝트(Rebuild 대상)입니다.
     1>ClCompile:
         C:\Program Files (x86)\Microsoft Visual Studio 11.0\VC\bin\x86_amd64\CL.exe /c /I..\NumericalMethod /I..\Classifier /I..\DeepLearning /Z7 /nologo /W3 /WX- /sdl /Od /D WIN32 /D _DEBUG /D _LIB /D _UNICODE /D UNICODE /Gm- /EHsc /RTC1 /MDd /GS /fp:precise /Zc:wchar_t /Zc:forScope /Yc"stdafx.h" /Fp"x64\Debug-MDd\MachineLearning.pch" /Fo"x64\Debug-MDd\\" /Fd"x64\Debug-MDd\vc110.pdb" /Gd /TP /errorReport:prompt /Ylsymbol stdafx.cpp
         stdafx.cpp
         C:\Program Files (x86)\Microsoft Visual Studio 11.0\VC\bin\x86_amd64\CL.exe /c /I..\NumericalMethod /I..\Classifier /I..\DeepLearning /Z7 /nologo /W3 /WX- /sdl /Od /D WIN32 /D _DEBUG /D _LIB /D _UNICODE /D UNICODE /Gm- /EHsc /RTC1 /MDd /GS /fp:precise /Zc:wchar_t /Zc:forScope /Yu"stdafx.h" /Fp"x64\Debug-MDd\MachineLearning.pch" /Fo"x64\Debug-MDd\\" /Fd"x64\Debug-MDd\vc110.pdb" /Gd /TP /errorReport:prompt /Ylsymbol AdaptiveBoosting.cpp KNearestNeighbor.cpp LogisticRegression.cpp NaiveBayesian.cpp NormalBayesian.cpp SupportVectorMachine.cpp
         AdaptiveBoosting.cpp
         KNearestNeighbor.cpp
         LogisticRegression.cpp
         NaiveBayesian.cpp
         NormalBayesian.cpp
         SupportVectorMachine.cpp
         코드를 생성하고 있습니다...
       Lib:
         C:\Program Files (x86)\Microsoft Visual Studio 11.0\VC\bin\x86_amd64\Lib.exe /OUT:"D:\Project\C++\New\MachineLearning\x64\Debug-MDd\MachineLearning.lib" DeepLearning.lib /LIBPATH:"..\NumericalMethod\x64\Debug-MDd" /LIBPATH:"..\x64\Debug-MDd" /NOLOGO /MACHINE:X64 "x64\Debug-MDd\AdaptiveBoosting.obj"
         "x64\Debug-MDd\KNearestNeighbor.obj"
         "x64\Debug-MDd\LogisticRegression.obj"
         "x64\Debug-MDd\NaiveBayesian.obj"
         "x64\Debug-MDd\NormalBayesian.obj"
         "x64\Debug-MDd\stdafx.obj"
         "x64\Debug-MDd\SupportVectorMachine.obj"
         x64\Debug-MDd\stdafx.obj을(를) 바꾸고 있습니다.
         MachineLearning.vcxproj -> D:\Project\C++\New\MachineLearning\x64\Debug-MDd\MachineLearning.lib
     1>"D:\Project\C++\New\MachineLearning\MachineLearning\MachineLearning.vcxproj" 프로젝트를 빌드했습니다(Rebuild 대상).

빌드했습니다.

경과 시간: 00:00:02.32
