D:\PROJECT\C++\NEW\MACHINELEARNING\MACHINELEARNING\X64\DEBUG-MDD\MACHINELEARNING.PCH
D:\PROJECT\C++\NEW\MACHINELEARNING\MACHINELEARNING\X64\DEBUG-MDD\STDAFX.OBJ
D:\PROJECT\C++\NEW\MACHINELEARNING\MACHINELEARNING\X64\DEBUG-MDD\SUPPORTVECTORMACHINE.OBJ
D:\PROJECT\C++\NEW\MACHINELEARNING\MACHINELEARNING\X64\DEBUG-MDD\NORMALBAYESIAN.OBJ
D:\PROJECT\C++\NEW\MACHINELEARNING\MACHINELEARNING\X64\DEBUG-MDD\NAIVEBAYESIAN.OBJ
D:\PROJECT\C++\NEW\MACHINELEARNING\MACHINELEARNING\X64\DEBUG-MDD\LOGISTICREGRESSION.OBJ
D:\PROJECT\C++\NEW\MACHINELEARNING\MACHINELEARNING\X64\DEBUG-MDD\KNEARESTNEIGHBOR.OBJ
D:\PROJECT\C++\NEW\MACHINELEARNING\MACHINELEARNING\X64\DEBUG-MDD\ADAPTIVEBOOSTING.OBJ
D:\PROJECT\C++\NEW\MACHINELEARNING\X64\DEBUG-MDD\MACHINELEARNING.LIB
D:\Project\C++\New\MachineLearning\MachineLearning\x64\Debug-MDd\AdaptiveBoosting.obj
D:\Project\C++\New\MachineLearning\MachineLearning\x64\Debug-MDd\KNearestNeighbor.obj
D:\Project\C++\New\MachineLearning\MachineLearning\x64\Debug-MDd\LogisticRegression.obj
D:\Project\C++\New\MachineLearning\MachineLearning\x64\Debug-MDd\NaiveBayesian.obj
D:\Project\C++\New\MachineLearning\MachineLearning\x64\Debug-MDd\NormalBayesian.obj
D:\Project\C++\New\MachineLearning\MachineLearning\x64\Debug-MDd\stdafx.obj
D:\Project\C++\New\MachineLearning\MachineLearning\x64\Debug-MDd\SupportVectorMachine.obj
D:\Project\C++\New\MachineLearning\MachineLearning\x64\Debug-MDd\cl.command.1.tlog
D:\Project\C++\New\MachineLearning\MachineLearning\x64\Debug-MDd\CL.read.1.tlog
D:\Project\C++\New\MachineLearning\MachineLearning\x64\Debug-MDd\CL.write.1.tlog
D:\Project\C++\New\MachineLearning\MachineLearning\x64\Debug-MDd\Lib-link.read.1.tlog
D:\Project\C++\New\MachineLearning\MachineLearning\x64\Debug-MDd\Lib-link.write.1.tlog
D:\Project\C++\New\MachineLearning\MachineLearning\x64\Debug-MDd\lib.command.1.tlog
D:\Project\C++\New\MachineLearning\MachineLearning\x64\Debug-MDd\MachineLearning.pch
D:\Project\C++\New\MachineLearning\x64\Debug-MDd\MachineLearning.lib
