D:\PROJECT\C++\NEW\MACHINELEARNING\CLASSIFIER\DEBUG-MDD\CLASSIFIER.PCH
D:\PROJECT\C++\NEW\MACHINELEARNING\CLASSIFIER\DEBUG-MDD\STDAFX.OBJ
D:\PROJECT\C++\NEW\MACHINELEARNING\CLASSIFIER\DEBUG-MDD\VC110.PDB
D:\PROJECT\C++\NEW\MACHINELEARNING\CLASSIFIER\DEBUG-MDD\MLLCLASSIFIER.OBJ
D:\PROJECT\C++\NEW\MACHINELEARNING\CLASSIFIER\DEBUG-MDD\MLLDATASET.OBJ
D:\PROJECT\C++\NEW\MACHINELEARNING\CLASSIFIER\DEBUG-MDD\MLLUTILITY.OBJ
D:\PROJECT\C++\NEW\MACHINELEARNING\DEBUG-MDD\CLASSIFIER.LIB
D:\Project\C++\New\MachineLearning\Classifier\Debug-MDd\MllClassifier.obj
D:\Project\C++\New\MachineLearning\Classifier\Debug-MDd\MllDataset.obj
D:\Project\C++\New\MachineLearning\Classifier\Debug-MDd\MllUtility.obj
D:\Project\C++\New\MachineLearning\Classifier\Debug-MDd\stdafx.obj
D:\Project\C++\New\MachineLearning\Classifier\Debug-MDd\cl.command.1.tlog
D:\Project\C++\New\MachineLearning\Classifier\Debug-MDd\CL.read.1.tlog
D:\Project\C++\New\MachineLearning\Classifier\Debug-MDd\CL.write.1.tlog
D:\Project\C++\New\MachineLearning\Classifier\Debug-MDd\Lib-link.read.1.tlog
D:\Project\C++\New\MachineLearning\Classifier\Debug-MDd\Lib-link.write.1.tlog
D:\Project\C++\New\MachineLearning\Classifier\Debug-MDd\lib.command.1.tlog
D:\Project\C++\New\MachineLearning\Classifier\Debug-MDd\Classifier.pch
D:\Project\C++\New\MachineLearning\Classifier\Debug-MDd\vc110.idb
D:\Project\C++\New\MachineLearning\Classifier\Debug-MDd\vc110.pdb
D:\Project\C++\New\MachineLearning\Debug-MDd\Classifier.lib
