빌드 시작: 2020-06-10 오전 1:52:35
     1>2 노드의 "D:\Project\C++\New\MachineLearning\Classifier\Classifier.vcxproj" 프로젝트(Rebuild 대상)입니다.
     1>ClCompile:
         C:\Program Files (x86)\Microsoft Visual Studio 11.0\VC\bin\CL.exe /c /I..\NumericalMethod /ZI /nologo /W3 /WX- /sdl /Od /Oy- /D WIN32 /D _DEBUG /D _LIB /D _UNICODE /D UNICODE /Gm /EHsc /RTC1 /MDd /GS /fp:precise /Zc:wchar_t /Zc:forScope /Yc"stdafx.h" /Fp"Debug-MDd\Classifier.pch" /Fo"Debug-MDd\\" /Fd"Debug-MDd\vc110.pdb" /Gd /TP /analyze- /errorReport:prompt stdafx.cpp
         stdafx.cpp
         C:\Program Files (x86)\Microsoft Visual Studio 11.0\VC\bin\CL.exe /c /I..\NumericalMethod /ZI /nologo /W3 /WX- /sdl /Od /Oy- /D WIN32 /D _DEBUG /D _LIB /D _UNICODE /D UNICODE /Gm /EHsc /RTC1 /MDd /GS /fp:precise /Zc:wchar_t /Zc:forScope /Yu"stdafx.h" /Fp"Debug-MDd\Classifier.pch" /Fo"Debug-MDd\\" /Fd"Debug-MDd\vc110.pdb" /Gd /TP /analyze- /errorReport:prompt MllClassifier.cpp MllDataset.cpp MllUtility.cpp
         MllUtility.cpp
         MllDataset.cpp
         MllClassifier.cpp
         코드를 생성하고 있습니다...
       Lib:
         C:\Program Files (x86)\Microsoft Visual Studio 11.0\VC\bin\Lib.exe /OUT:"D:\Project\C++\New\MachineLearning\Debug-MDd\Classifier.lib" NumericalMethod.lib /LIBPATH:"..\NumericalMethod\x86\Debug-MDd" /LIBPATH:"..\Debug-MDd" /NOLOGO "Debug-MDd\MllClassifier.obj"
         "Debug-MDd\MllDataset.obj"
         "Debug-MDd\MllUtility.obj"
         "Debug-MDd\stdafx.obj"
         Debug-MDd\stdafx.obj을(를) 바꾸고 있습니다.
         Classifier.vcxproj -> D:\Project\C++\New\MachineLearning\Debug-MDd\Classifier.lib
     1>"D:\Project\C++\New\MachineLearning\Classifier\Classifier.vcxproj" 프로젝트를 빌드했습니다(Rebuild 대상).

빌드했습니다.

경과 시간: 00:00:02.63
