D:\PROJECT\C++\NEW\MACHINELEARNING\DEEPLEARNING\RELEASE-MT\DEEPLEARNING.PCH
D:\PROJECT\C++\NEW\MACHINELEARNING\DEEPLEARNING\RELEASE-MT\STDAFX.OBJ
D:\PROJECT\C++\NEW\MACHINELEARNING\DEEPLEARNING\RELEASE-MT\SPARSEAUTOENCODER.OBJ
D:\PROJECT\C++\NEW\MACHINELEARNING\DEEPLEARNING\RELEASE-MT\REGULARIZER.OBJ
D:\PROJECT\C++\NEW\MACHINELEARNING\DEEPLEARNING\RELEASE-MT\DROPOUT.OBJ
D:\PROJECT\C++\NEW\MACHINELEARNING\DEEPLEARNING\RELEASE-MT\OPTIMIZER.OBJ
D:\PROJECT\C++\NEW\MACHINELEARNING\DEEPLEARNING\RELEASE-MT\NETWORKLAYER.OBJ
D:\PROJECT\C++\NEW\MACHINELEARNING\DEEPLEARNING\RELEASE-MT\MULTILAYERPERCEPTRON.OBJ
D:\PROJECT\C++\NEW\MACHINELEARNING\DEEPLEARNING\RELEASE-MT\INITIALIZER.OBJ
D:\PROJECT\C++\NEW\MACHINELEARNING\DEEPLEARNING\RELEASE-MT\BATCHNORMALIZATION.OBJ
D:\PROJECT\C++\NEW\MACHINELEARNING\DEEPLEARNING\RELEASE-MT\ACTIVATIONFUNCTION.OBJ
D:\PROJECT\C++\NEW\MACHINELEARNING\RELEASE-MT\DEEPLEARNING.LIB
D:\Project\C++\New\MachineLearning\DeepLearning\Release-MT\ActivationFunction.obj
D:\Project\C++\New\MachineLearning\DeepLearning\Release-MT\BatchNormalization.obj
D:\Project\C++\New\MachineLearning\DeepLearning\Release-MT\Dropout.obj
D:\Project\C++\New\MachineLearning\DeepLearning\Release-MT\Initializer.obj
D:\Project\C++\New\MachineLearning\DeepLearning\Release-MT\MultiLayerPerceptron.obj
D:\Project\C++\New\MachineLearning\DeepLearning\Release-MT\NetworkLayer.obj
D:\Project\C++\New\MachineLearning\DeepLearning\Release-MT\Optimizer.obj
D:\Project\C++\New\MachineLearning\DeepLearning\Release-MT\Regularizer.obj
D:\Project\C++\New\MachineLearning\DeepLearning\Release-MT\SparseAutoEncoder.obj
D:\Project\C++\New\MachineLearning\DeepLearning\Release-MT\stdafx.obj
D:\Project\C++\New\MachineLearning\DeepLearning\Release-MT\cl.command.1.tlog
D:\Project\C++\New\MachineLearning\DeepLearning\Release-MT\CL.read.1.tlog
D:\Project\C++\New\MachineLearning\DeepLearning\Release-MT\CL.write.1.tlog
D:\Project\C++\New\MachineLearning\DeepLearning\Release-MT\Lib-link.read.1.tlog
D:\Project\C++\New\MachineLearning\DeepLearning\Release-MT\Lib-link.write.1.tlog
D:\Project\C++\New\MachineLearning\DeepLearning\Release-MT\lib.command.1.tlog
D:\Project\C++\New\MachineLearning\DeepLearning\Release-MT\DeepLearning.pch
D:\Project\C++\New\MachineLearning\Release-MT\DeepLearning.lib
